Using pre-set license
Built from '2020.3/staging' branch; Version is '2020.3.25f1 (9b9180224418) revision 10195328'; Using compiler version '192528614'; Build Type 'Release'
OS: 'Windows 10  (10.0.19043) 64bit Enterprise' Language: 'en' Physical Memory: 16333 MB
BatchMode: 1, IsHumanControllingUs: 0, StartBugReporterOnCrash: 0, Is64bit: 1, IsPro: 0

COMMAND LINE ARGUMENTS:
C:\Program Files\2020.3.25f1\Editor\Unity.exe
-adb2
-batchMode
-noUpm
-name
AssetImportWorker0
-projectPath
F:/UmutGurdal/UnityArchives/OtonomHomework
-logFile
Logs/AssetImportWorker0.log
-srvPort
55644
Successfully changed project path to: F:/UmutGurdal/UnityArchives/OtonomHomework
F:/UmutGurdal/UnityArchives/OtonomHomework
Using Asset Import Pipeline V2.
Refreshing native plugins compatible for Editor in 27.58 ms, found 2 plugins.
Preloading 0 native plugins for Editor in 0.00 ms.
Initialize engine version: 2020.3.25f1 (9b9180224418)
[Subsystems] Discovering subsystems at path C:/Program Files/2020.3.25f1/Editor/Data/Resources/UnitySubsystems
[Subsystems] Discovering subsystems at path F:/UmutGurdal/UnityArchives/OtonomHomework/Assets
GfxDevice: creating device client; threaded=0
Direct3D:
    Version:  Direct3D 11.0 [level 11.0]
    Renderer: NVIDIA GeForce GTX 770 (ID=0x1184)
    Vendor:   
    VRAM:     2007 MB
    Driver:   30.0.14.7212
Initialize mono
Mono path[0] = 'C:/Program Files/2020.3.25f1/Editor/Data/Managed'
Mono path[1] = 'C:/Program Files/2020.3.25f1/Editor/Data/MonoBleedingEdge/lib/mono/unityjit'
Mono config path = 'C:/Program Files/2020.3.25f1/Editor/Data/MonoBleedingEdge/etc'
Using monoOptions --debugger-agent=transport=dt_socket,embedding=1,server=y,suspend=n,address=127.0.0.1:56356
Begin MonoManager ReloadAssembly
Registering precompiled unity dll's ...
Register platform support module: C:/Program Files/2020.3.25f1/Editor/Data/PlaybackEngines/WebGLSupport/UnityEditor.WebGL.Extensions.dll
Register platform support module: C:/Program Files/2020.3.25f1/Editor/Data/PlaybackEngines/WindowsStandaloneSupport/UnityEditor.WindowsStandalone.Extensions.dll
Registered in 0.002269 seconds.
Native extension for WindowsStandalone target not found
Native extension for WebGL target not found
Refreshing native plugins compatible for Editor in 27.11 ms, found 2 plugins.
Preloading 0 native plugins for Editor in 0.00 ms.
Mono: successfully reloaded assembly
- Completed reload, in  0.556 seconds
Domain Reload Profiling:
	ReloadAssembly (557ms)
		BeginReloadAssembly (49ms)
			ExecutionOrderSort (0ms)
			DisableScriptedObjects (0ms)
			BackupInstance (0ms)
			ReleaseScriptingObjects (0ms)
			CreateAndSetChildDomain (1ms)
		EndReloadAssembly (439ms)
			LoadAssemblies (48ms)
			RebuildTransferFunctionScriptingTraits (0ms)
			SetupTypeCache (157ms)
			ReleaseScriptCaches (0ms)
			RebuildScriptCaches (30ms)
			SetupLoadedEditorAssemblies (154ms)
				LogAssemblyErrors (0ms)
				InitializePlatformSupportModulesInManaged (5ms)
				SetLoadedEditorAssemblies (0ms)
				RefreshPlugins (27ms)
				BeforeProcessingInitializeOnLoad (16ms)
				ProcessInitializeOnLoadAttributes (78ms)
				ProcessInitializeOnLoadMethodAttributes (27ms)
				AfterProcessingInitializeOnLoad (0ms)
				EditorAssembliesLoaded (0ms)
			ExecutionOrderSort2 (0ms)
			AwakeInstancesAfterBackupRestoration (0ms)
Platform modules already initialized, skipping
Registering precompiled user dll's ...
Registered in 0.003552 seconds.
Begin MonoManager ReloadAssembly
Native extension for WindowsStandalone target not found
Native extension for WebGL target not found
Refreshing native plugins compatible for Editor in 0.45 ms, found 2 plugins.
Preloading 0 native plugins for Editor in 0.00 ms.
Mono: successfully reloaded assembly
- Completed reload, in  0.961 seconds
Domain Reload Profiling:
	ReloadAssembly (962ms)
		BeginReloadAssembly (138ms)
			ExecutionOrderSort (0ms)
			DisableScriptedObjects (5ms)
			BackupInstance (0ms)
			ReleaseScriptingObjects (0ms)
			CreateAndSetChildDomain (20ms)
		EndReloadAssembly (767ms)
			LoadAssemblies (80ms)
			RebuildTransferFunctionScriptingTraits (0ms)
			SetupTypeCache (278ms)
			ReleaseScriptCaches (0ms)
			RebuildScriptCaches (48ms)
			SetupLoadedEditorAssemblies (277ms)
				LogAssemblyErrors (0ms)
				InitializePlatformSupportModulesInManaged (5ms)
				SetLoadedEditorAssemblies (0ms)
				RefreshPlugins (0ms)
				BeforeProcessingInitializeOnLoad (70ms)
				ProcessInitializeOnLoadAttributes (187ms)
				ProcessInitializeOnLoadMethodAttributes (8ms)
				AfterProcessingInitializeOnLoad (6ms)
				EditorAssembliesLoaded (0ms)
			ExecutionOrderSort2 (0ms)
			AwakeInstancesAfterBackupRestoration (6ms)
Platform modules already initialized, skipping
========================================================================
Worker process is ready to serve import requests
Launched and connected shader compiler UnityShaderCompiler.exe after 0.07 seconds
Refreshing native plugins compatible for Editor in 0.52 ms, found 2 plugins.
Preloading 0 native plugins for Editor in 0.00 ms.
Unloading 1503 Unused Serialized files (Serialized files now loaded: 0)
System memory in use before: 67.5 MB.
System memory in use after: 67.6 MB.

Unloading 19 unused Assets to reduce memory usage. Loaded Objects now: 1935.
Total: 3.459400 ms (FindLiveObjects: 0.188800 ms CreateObjectMapping: 0.111100 ms MarkObjects: 3.072900 ms  DeleteObjects: 0.085500 ms)

AssetImportParameters requested are different than current active one (requested -> active):
  custom:framework-win-MediaFoundation: 216162199b28c13a410421893ffa2e32 -> 
  custom:video-decoder-ogg-theora: a1e56fd34408186e4bbccfd4996cb3dc -> 
  custom:container-muxer-webm: aa71ff27fc2769a1b78a27578f13a17b -> 
  custom:container-demuxer-webm: 4f35f7cbe854078d1ac9338744f61a02 -> 
  custom:container-demuxer-ogg: 62fdf1f143b41e24485cea50d1cbac27 -> 
  custom:video-encoder-webm-vp8: eb34c28f22e8b96e1ab97ce403110664 -> 
  custom:video-decoder-webm-vp8: 9c59270c3fd7afecdb556c50c9e8de78 -> 
  custom:audio-decoder-ogg-vorbis: bf7c407c2cedff20999df2af8eb42d56 -> 
  custom:audio-encoder-webm-vorbis: bf7c407c2cedff20999df2af8eb42d56 -> 
========================================================================
Received Import Request.
  path: Assets/_Scenes/SampleScene.unity
  artifactKey: Guid(9fc0d4010bbf28b4594072e72b8655ab) Importer(815301076,1909f56bfc062723c751e8b465ee728b)
Start importing Assets/_Scenes/SampleScene.unity using Guid(9fc0d4010bbf28b4594072e72b8655ab) Importer(815301076,1909f56bfc062723c751e8b465ee728b)  -> (artifact id: '85059f4f9e1a832ed95adaa0d25c5c4c') in 0.017633 seconds 
  Import took 0.035705 seconds .

========================================================================
Received Prepare
Registering precompiled user dll's ...
Registered in 0.003774 seconds.
Begin MonoManager ReloadAssembly
Native extension for WindowsStandalone target not found
Native extension for WebGL target not found
Refreshing native plugins compatible for Editor in 0.37 ms, found 2 plugins.
Preloading 0 native plugins for Editor in 0.00 ms.
Mono: successfully reloaded assembly
- Completed reload, in  0.939 seconds
Domain Reload Profiling:
	ReloadAssembly (940ms)
		BeginReloadAssembly (116ms)
			ExecutionOrderSort (0ms)
			DisableScriptedObjects (5ms)
			BackupInstance (0ms)
			ReleaseScriptingObjects (0ms)
			CreateAndSetChildDomain (34ms)
		EndReloadAssembly (764ms)
			LoadAssemblies (86ms)
			RebuildTransferFunctionScriptingTraits (0ms)
			SetupTypeCache (266ms)
			ReleaseScriptCaches (1ms)
			RebuildScriptCaches (34ms)
			SetupLoadedEditorAssemblies (292ms)
				LogAssemblyErrors (0ms)
				InitializePlatformSupportModulesInManaged (5ms)
				SetLoadedEditorAssemblies (0ms)
				RefreshPlugins (0ms)
				BeforeProcessingInitializeOnLoad (93ms)
				ProcessInitializeOnLoadAttributes (181ms)
				ProcessInitializeOnLoadMethodAttributes (8ms)
				AfterProcessingInitializeOnLoad (5ms)
				EditorAssembliesLoaded (0ms)
			ExecutionOrderSort2 (0ms)
			AwakeInstancesAfterBackupRestoration (6ms)
Platform modules already initialized, skipping
Refreshing native plugins compatible for Editor in 0.33 ms, found 2 plugins.
Preloading 0 native plugins for Editor in 0.00 ms.
Unloading 1495 Unused Serialized files (Serialized files now loaded: 0)
System memory in use before: 68.3 MB.
System memory in use after: 68.4 MB.

Unloading 16 unused Assets to reduce memory usage. Loaded Objects now: 1935.
Total: 2.808300 ms (FindLiveObjects: 0.209700 ms CreateObjectMapping: 0.097700 ms MarkObjects: 2.450200 ms  DeleteObjects: 0.049800 ms)

AssetImportParameters requested are different than current active one (requested -> active):
  custom:framework-win-MediaFoundation: 216162199b28c13a410421893ffa2e32 -> 
  custom:video-decoder-ogg-theora: a1e56fd34408186e4bbccfd4996cb3dc -> 
  custom:container-muxer-webm: aa71ff27fc2769a1b78a27578f13a17b -> 
  custom:container-demuxer-webm: 4f35f7cbe854078d1ac9338744f61a02 -> 
  custom:container-demuxer-ogg: 62fdf1f143b41e24485cea50d1cbac27 -> 
  custom:video-encoder-webm-vp8: eb34c28f22e8b96e1ab97ce403110664 -> 
  custom:video-decoder-webm-vp8: 9c59270c3fd7afecdb556c50c9e8de78 -> 
  custom:audio-decoder-ogg-vorbis: bf7c407c2cedff20999df2af8eb42d56 -> 
  custom:audio-encoder-webm-vorbis: bf7c407c2cedff20999df2af8eb42d56 -> 
========================================================================
Received Import Request.
  Time since last request: 152.526623 seconds.
  path: Assets/scripts
  artifactKey: Guid(2806d4140fa08a64d92e247e4d01aab1) Importer(815301076,1909f56bfc062723c751e8b465ee728b)
Start importing Assets/scripts using Guid(2806d4140fa08a64d92e247e4d01aab1) Importer(815301076,1909f56bfc062723c751e8b465ee728b)  -> (artifact id: 'd1f5428d8593cba02bb5c4a2274dde53') in 0.008539 seconds 
  Import took 0.011571 seconds .

========================================================================
Received Import Request.
  Time since last request: 1.805970 seconds.
  path: Assets/materials/New Material 1.mat
  artifactKey: Guid(fc282a3e453e5ff48988d0bca84be742) Importer(815301076,1909f56bfc062723c751e8b465ee728b)
Start importing Assets/materials/New Material 1.mat using Guid(fc282a3e453e5ff48988d0bca84be742) Importer(815301076,1909f56bfc062723c751e8b465ee728b)  -> (artifact id: '5a0c6dd0aa1fffcecb33845494836c5b') in 0.320691 seconds 
  Import took 0.323659 seconds .

========================================================================
Received Import Request.
  Time since last request: 0.000210 seconds.
  path: Assets/materials/New Material 3.mat
  artifactKey: Guid(cab08bb943c65bd45899c1f46a4cd285) Importer(815301076,1909f56bfc062723c751e8b465ee728b)
Start importing Assets/materials/New Material 3.mat using Guid(cab08bb943c65bd45899c1f46a4cd285) Importer(815301076,1909f56bfc062723c751e8b465ee728b)  -> (artifact id: 'f1ae0b2fa1db2d0806b2a3930d896fdf') in 0.014214 seconds 
  Import took 0.016927 seconds .

========================================================================
Received Import Request.
  Time since last request: 0.000224 seconds.
  path: Assets/materials/New Material 5.mat
  artifactKey: Guid(c946dac753756e74f8c35bca53349b3a) Importer(815301076,1909f56bfc062723c751e8b465ee728b)
Start importing Assets/materials/New Material 5.mat using Guid(c946dac753756e74f8c35bca53349b3a) Importer(815301076,1909f56bfc062723c751e8b465ee728b)  -> (artifact id: 'fefab63e4c06c81ffa2e7186fac2256b') in 0.013121 seconds 
  Import took 0.015990 seconds .

========================================================================
Received Import Request.
  Time since last request: 0.000219 seconds.
  path: Assets/materials/New Material.mat
  artifactKey: Guid(839576f154551964dae888d1434af739) Importer(815301076,1909f56bfc062723c751e8b465ee728b)
Start importing Assets/materials/New Material.mat using Guid(839576f154551964dae888d1434af739) Importer(815301076,1909f56bfc062723c751e8b465ee728b)  -> (artifact id: '95025d21989270b2000135953294a8f5') in 0.013241 seconds 
  Import took 0.016263 seconds .

========================================================================
Received Import Request.
  Time since last request: 0.000290 seconds.
  path: Assets/materials/New Material 4.mat
  artifactKey: Guid(051b9a862b9dbbd4e876fe9a3d826d8a) Importer(815301076,1909f56bfc062723c751e8b465ee728b)
Start importing Assets/materials/New Material 4.mat using Guid(051b9a862b9dbbd4e876fe9a3d826d8a) Importer(815301076,1909f56bfc062723c751e8b465ee728b)  -> (artifact id: '268e93aa8852fb7aaba24a197ce1c215') in 0.013565 seconds 
  Import took 0.016679 seconds .

========================================================================
Received Import Request.
  Time since last request: 0.000188 seconds.
  path: Assets/materials/New Material 2.mat
  artifactKey: Guid(9fa99d5410fc3b84983a9770bfa3986c) Importer(815301076,1909f56bfc062723c751e8b465ee728b)
Start importing Assets/materials/New Material 2.mat using Guid(9fa99d5410fc3b84983a9770bfa3986c) Importer(815301076,1909f56bfc062723c751e8b465ee728b)  -> (artifact id: 'b4ddb84527b027d231cf322c67767c14') in 0.012455 seconds 
  Import took 0.015207 seconds .

========================================================================
Received Import Request.
  Time since last request: 20.006866 seconds.
  path: Assets/Tags/tag36_11_00000.png
  artifactKey: Guid(6bb038c0056d4684f9206f7d553f06ee) Importer(815301076,1909f56bfc062723c751e8b465ee728b)
Start importing Assets/Tags/tag36_11_00000.png using Guid(6bb038c0056d4684f9206f7d553f06ee) Importer(815301076,1909f56bfc062723c751e8b465ee728b)  -> (artifact id: '67e8da4cd7a02fa612a148374d3c1cbe') in 0.045942 seconds 
  Import took 0.049251 seconds .

========================================================================
Received Import Request.
  Time since last request: 0.000192 seconds.
  path: Assets/Tags/tag36_11_00025.png
  artifactKey: Guid(c1bac570f4ab24940b0863d44532db4e) Importer(815301076,1909f56bfc062723c751e8b465ee728b)
Start importing Assets/Tags/tag36_11_00025.png using Guid(c1bac570f4ab24940b0863d44532db4e) Importer(815301076,1909f56bfc062723c751e8b465ee728b)  -> (artifact id: 'c31157362bdbba5ea25a30a4ae3737bf') in 0.011290 seconds 
  Import took 0.014044 seconds .

========================================================================
Received Import Request.
  Time since last request: 0.000228 seconds.
  path: Assets/Tags/tag36_11_00037.png
  artifactKey: Guid(e557484963c8dbd4583132bccc54ed4a) Importer(815301076,1909f56bfc062723c751e8b465ee728b)
Start importing Assets/Tags/tag36_11_00037.png using Guid(e557484963c8dbd4583132bccc54ed4a) Importer(815301076,1909f56bfc062723c751e8b465ee728b)  -> (artifact id: '079117d4e503dfff1002facc1acca4c3') in 0.013752 seconds 
  Import took 0.016925 seconds .

========================================================================
Received Import Request.
  Time since last request: 0.000213 seconds.
  path: Assets/Tags/tag36_11_00007.png
  artifactKey: Guid(e2ca22713bfb3564aab0e94f0b279fa1) Importer(815301076,1909f56bfc062723c751e8b465ee728b)
Start importing Assets/Tags/tag36_11_00007.png using Guid(e2ca22713bfb3564aab0e94f0b279fa1) Importer(815301076,1909f56bfc062723c751e8b465ee728b)  -> (artifact id: 'b8a00ccec487aa7a7dc46b4c5b6fc254') in 0.010476 seconds 
  Import took 0.013131 seconds .

========================================================================
Received Import Request.
  Time since last request: 0.000257 seconds.
  path: Assets/Tags/tag36_11_00049.png
  artifactKey: Guid(a45baac47ca10cd4f8aae7d36ff30b9f) Importer(815301076,1909f56bfc062723c751e8b465ee728b)
Start importing Assets/Tags/tag36_11_00049.png using Guid(a45baac47ca10cd4f8aae7d36ff30b9f) Importer(815301076,1909f56bfc062723c751e8b465ee728b)  -> (artifact id: '5e489377ad419d64d25f00077b3686db') in 0.012422 seconds 
  Import took 0.015593 seconds .

========================================================================
Received Import Request.
  Time since last request: 0.000251 seconds.
  path: Assets/Tags/tag36_11_00033.png
  artifactKey: Guid(e010265de09992648866f5a945e35f34) Importer(815301076,1909f56bfc062723c751e8b465ee728b)
Start importing Assets/Tags/tag36_11_00033.png using Guid(e010265de09992648866f5a945e35f34) Importer(815301076,1909f56bfc062723c751e8b465ee728b)  -> (artifact id: '778a7fbaa584974abebacec7a70c5b6d') in 0.010758 seconds 
  Import took 0.012986 seconds .

========================================================================
Received Import Request.
  Time since last request: 0.000243 seconds.
  path: Assets/Tags/tag36_11_00035.png
  artifactKey: Guid(2f5a2eba7e1cd5f46a5ef32c9a693f50) Importer(815301076,1909f56bfc062723c751e8b465ee728b)
Start importing Assets/Tags/tag36_11_00035.png using Guid(2f5a2eba7e1cd5f46a5ef32c9a693f50) Importer(815301076,1909f56bfc062723c751e8b465ee728b)  -> (artifact id: 'f6f8a913162e7409b01c4711ac3b91c3') in 0.011194 seconds 
  Import took 0.014063 seconds .

========================================================================
Received Import Request.
  Time since last request: 0.000192 seconds.
  path: Assets/Tags/tag36_11_00004.png
  artifactKey: Guid(347a8d8f8483e194cb8002f5d8ddaf5c) Importer(815301076,1909f56bfc062723c751e8b465ee728b)
Start importing Assets/Tags/tag36_11_00004.png using Guid(347a8d8f8483e194cb8002f5d8ddaf5c) Importer(815301076,1909f56bfc062723c751e8b465ee728b)  -> (artifact id: '14ad97306dd852141aaf9b02b888ba85') in 0.011262 seconds 
  Import took 0.014253 seconds .

========================================================================
Received Import Request.
  Time since last request: 0.000227 seconds.
  path: Assets/Tags/tag36_11_00013.png
  artifactKey: Guid(eaf4a9ad9be2fc347a95dc793c88623a) Importer(815301076,1909f56bfc062723c751e8b465ee728b)
Start importing Assets/Tags/tag36_11_00013.png using Guid(eaf4a9ad9be2fc347a95dc793c88623a) Importer(815301076,1909f56bfc062723c751e8b465ee728b)  -> (artifact id: 'fbca62e78bea39e6becd2b71886d0918') in 0.011652 seconds 
  Import took 0.014429 seconds .

========================================================================
Received Import Request.
  Time since last request: 0.000230 seconds.
  path: Assets/Tags/tag36_11_00015.png
  artifactKey: Guid(8d8c464dfba2c13458fa708775896a3d) Importer(815301076,1909f56bfc062723c751e8b465ee728b)
Start importing Assets/Tags/tag36_11_00015.png using Guid(8d8c464dfba2c13458fa708775896a3d) Importer(815301076,1909f56bfc062723c751e8b465ee728b)  -> (artifact id: 'e5768bb3175e0953bc469cf3734e597f') in 0.009972 seconds 
  Import took 0.013240 seconds .

========================================================================
Received Import Request.
  Time since last request: 0.000165 seconds.
  path: Assets/Tags/tag36_11_00042.png
  artifactKey: Guid(257b89bedd896f04292fb1f60c9ced8e) Importer(815301076,1909f56bfc062723c751e8b465ee728b)
Start importing Assets/Tags/tag36_11_00042.png using Guid(257b89bedd896f04292fb1f60c9ced8e) Importer(815301076,1909f56bfc062723c751e8b465ee728b)  -> (artifact id: '0f513b7d8ac08d96bbf46d6e66918816') in 0.012776 seconds 
  Import took 0.015798 seconds .

========================================================================
Received Import Request.
  Time since last request: 0.000218 seconds.
  path: Assets/Tags/tag36_11_00011.png
  artifactKey: Guid(7a64b4be76eb2ee4ba8073626b96d34d) Importer(815301076,1909f56bfc062723c751e8b465ee728b)
Start importing Assets/Tags/tag36_11_00011.png using Guid(7a64b4be76eb2ee4ba8073626b96d34d) Importer(815301076,1909f56bfc062723c751e8b465ee728b)  -> (artifact id: 'c53632734a1f5f2499c449ee5a912b53') in 0.010195 seconds 
  Import took 0.012923 seconds .

========================================================================
Received Import Request.
  Time since last request: 0.000264 seconds.
  path: Assets/Tags/tag36_11_00002.png
  artifactKey: Guid(c6058c50be9172a43b04066d0b0473ae) Importer(815301076,1909f56bfc062723c751e8b465ee728b)
Start importing Assets/Tags/tag36_11_00002.png using Guid(c6058c50be9172a43b04066d0b0473ae) Importer(815301076,1909f56bfc062723c751e8b465ee728b)  -> (artifact id: '34c7a4f810012f193b6ea7d3cfd1542c') in 0.010685 seconds 
  Import took 0.013776 seconds .

========================================================================
Received Import Request.
  Time since last request: 0.000166 seconds.
  path: Assets/Tags/tag36_11_00045.png
  artifactKey: Guid(668d53493a853584ea31ab1d2ce10f78) Importer(815301076,1909f56bfc062723c751e8b465ee728b)
Start importing Assets/Tags/tag36_11_00045.png using Guid(668d53493a853584ea31ab1d2ce10f78) Importer(815301076,1909f56bfc062723c751e8b465ee728b)  -> (artifact id: '6fb75b3346c8302cef59d61176435a07') in 0.010101 seconds 
  Import took 0.013763 seconds .

========================================================================
Received Import Request.
  Time since last request: 0.000162 seconds.
  path: Assets/Tags/tag36_11_00039.png
  artifactKey: Guid(b549e96526266fe43b46a1d0b0f6e572) Importer(815301076,1909f56bfc062723c751e8b465ee728b)
Start importing Assets/Tags/tag36_11_00039.png using Guid(b549e96526266fe43b46a1d0b0f6e572) Importer(815301076,1909f56bfc062723c751e8b465ee728b)  -> (artifact id: 'c7407cdee87c28c5f76fd2e6e5951216') in 0.010272 seconds 
  Import took 0.012933 seconds .

========================================================================
Received Import Request.
  Time since last request: 0.000201 seconds.
  path: Assets/Tags/tag36_11_00026.png
  artifactKey: Guid(368ee9ce5043edf45be4d01c99bbe78b) Importer(815301076,1909f56bfc062723c751e8b465ee728b)
Start importing Assets/Tags/tag36_11_00026.png using Guid(368ee9ce5043edf45be4d01c99bbe78b) Importer(815301076,1909f56bfc062723c751e8b465ee728b)  -> (artifact id: 'a5ff3337cb8c724db144f4270d492536') in 0.011800 seconds 
  Import took 0.014405 seconds .

========================================================================
Received Import Request.
  Time since last request: 0.000182 seconds.
  path: Assets/Tags/tag36_11_00018.png
  artifactKey: Guid(1b93a407499d480408ba8278738ea98e) Importer(815301076,1909f56bfc062723c751e8b465ee728b)
Start importing Assets/Tags/tag36_11_00018.png using Guid(1b93a407499d480408ba8278738ea98e) Importer(815301076,1909f56bfc062723c751e8b465ee728b)  -> (artifact id: '1a2a4774f1c39219b8ac6e8537242a67') in 0.011174 seconds 
  Import took 0.014373 seconds .

========================================================================
Received Import Request.
  Time since last request: 0.000214 seconds.
  path: Assets/Tags/tag36_11_00030.png
  artifactKey: Guid(c65023c0fbfd04b4dbcbab266ee281c3) Importer(815301076,1909f56bfc062723c751e8b465ee728b)
Start importing Assets/Tags/tag36_11_00030.png using Guid(c65023c0fbfd04b4dbcbab266ee281c3) Importer(815301076,1909f56bfc062723c751e8b465ee728b)  -> (artifact id: 'd78f2696197b36f90777aaa52d1d9be3') in 0.012119 seconds 
  Import took 0.014816 seconds .

========================================================================
Received Import Request.
  Time since last request: 0.000169 seconds.
  path: Assets/Tags/tag36_11_00008.png
  artifactKey: Guid(5894084005e2d4041881d234f0a9a02d) Importer(815301076,1909f56bfc062723c751e8b465ee728b)
Start importing Assets/Tags/tag36_11_00008.png using Guid(5894084005e2d4041881d234f0a9a02d) Importer(815301076,1909f56bfc062723c751e8b465ee728b)  -> (artifact id: '72c0aab3f4b5a21b2de776860efd7215') in 0.011997 seconds 
  Import took 0.014333 seconds .

========================================================================
Received Import Request.
  Time since last request: 0.000174 seconds.
  path: Assets/Tags/tag36_11_00021.png
  artifactKey: Guid(3830d8b755888a94ca30913ccf2587a7) Importer(815301076,1909f56bfc062723c751e8b465ee728b)
Start importing Assets/Tags/tag36_11_00021.png using Guid(3830d8b755888a94ca30913ccf2587a7) Importer(815301076,1909f56bfc062723c751e8b465ee728b)  -> (artifact id: 'ac2b78822fb9a66839bee33b69fa8565') in 0.011191 seconds 
  Import took 0.013785 seconds .

========================================================================
Received Import Request.
  Time since last request: 0.000261 seconds.
  path: Assets/Tags/tag36_11_00031.png
  artifactKey: Guid(f9bf1f0130d88f54f87cad1a26d34d27) Importer(815301076,1909f56bfc062723c751e8b465ee728b)
Start importing Assets/Tags/tag36_11_00031.png using Guid(f9bf1f0130d88f54f87cad1a26d34d27) Importer(815301076,1909f56bfc062723c751e8b465ee728b)  -> (artifact id: 'e4b786b93bfa59badd5f416c9488a60b') in 0.009856 seconds 
  Import took 0.012575 seconds .

========================================================================
Received Import Request.
  Time since last request: 0.000205 seconds.
  path: Assets/Tags/tag36_11_00047.png
  artifactKey: Guid(325abce128d94fc40aa4ee46b5de4a64) Importer(815301076,1909f56bfc062723c751e8b465ee728b)
Start importing Assets/Tags/tag36_11_00047.png using Guid(325abce128d94fc40aa4ee46b5de4a64) Importer(815301076,1909f56bfc062723c751e8b465ee728b)  -> (artifact id: '1b33944f1fb68c92d231221396c37dfc') in 0.010149 seconds 
  Import took 0.012597 seconds .

========================================================================
Received Import Request.
  Time since last request: 0.000213 seconds.
  path: Assets/Tags/tag36_11_00040.png
  artifactKey: Guid(e11c90bb41f66444b80a233a8d49c8f3) Importer(815301076,1909f56bfc062723c751e8b465ee728b)
Start importing Assets/Tags/tag36_11_00040.png using Guid(e11c90bb41f66444b80a233a8d49c8f3) Importer(815301076,1909f56bfc062723c751e8b465ee728b)  -> (artifact id: 'e8a14cacd07eb1da539ba71ecd77c475') in 0.009715 seconds 
  Import took 0.012355 seconds .

========================================================================
Received Import Request.
  Time since last request: 0.000143 seconds.
  path: Assets/Tags/tag36_11_00016.png
  artifactKey: Guid(9576d901070aab14a940b65ba3bf5ebb) Importer(815301076,1909f56bfc062723c751e8b465ee728b)
Start importing Assets/Tags/tag36_11_00016.png using Guid(9576d901070aab14a940b65ba3bf5ebb) Importer(815301076,1909f56bfc062723c751e8b465ee728b)  -> (artifact id: 'e506260537aa9f8aed90e0784ea3e17e') in 0.010770 seconds 
  Import took 0.013327 seconds .

========================================================================
Received Import Request.
  Time since last request: 0.000171 seconds.
  path: Assets/Tags/tag36_11_00009.png
  artifactKey: Guid(d91268cebf02d6d44ac5314c596dee92) Importer(815301076,1909f56bfc062723c751e8b465ee728b)
Start importing Assets/Tags/tag36_11_00009.png using Guid(d91268cebf02d6d44ac5314c596dee92) Importer(815301076,1909f56bfc062723c751e8b465ee728b)  -> (artifact id: 'c781e130b8648c003b0ff5b93a260649') in 0.010189 seconds 
  Import took 0.012458 seconds .

========================================================================
Received Import Request.
  Time since last request: 0.000158 seconds.
  path: Assets/Tags/tag36_11_00038.png
  artifactKey: Guid(e18fe714903503c46a7028d5c320a019) Importer(815301076,1909f56bfc062723c751e8b465ee728b)
Start importing Assets/Tags/tag36_11_00038.png using Guid(e18fe714903503c46a7028d5c320a019) Importer(815301076,1909f56bfc062723c751e8b465ee728b)  -> (artifact id: '439f8d7f62127e1dfdaa2379626cfb5a') in 0.010482 seconds 
  Import took 0.012705 seconds .

========================================================================
Received Import Request.
  Time since last request: 0.000159 seconds.
  path: Assets/Tags/tag36_11_00044.png
  artifactKey: Guid(e0c2b6ce645f6c047a74a5e5c53fb2b6) Importer(815301076,1909f56bfc062723c751e8b465ee728b)
Start importing Assets/Tags/tag36_11_00044.png using Guid(e0c2b6ce645f6c047a74a5e5c53fb2b6) Importer(815301076,1909f56bfc062723c751e8b465ee728b)  -> (artifact id: 'bb0d0984706f3bc64d1f0ef930c9877b') in 0.009857 seconds 
  Import took 0.012120 seconds .

========================================================================
Received Import Request.
  Time since last request: 0.000157 seconds.
  path: Assets/Tags/tag36_11_00034.png
  artifactKey: Guid(fea0c2e582241d6408eb47e0e316dfe0) Importer(815301076,1909f56bfc062723c751e8b465ee728b)
Start importing Assets/Tags/tag36_11_00034.png using Guid(fea0c2e582241d6408eb47e0e316dfe0) Importer(815301076,1909f56bfc062723c751e8b465ee728b)  -> (artifact id: 'cd4d4b54acc1e6b0ae44003065cd48a2') in 0.010278 seconds 
  Import took 0.012579 seconds .

========================================================================
Received Import Request.
  Time since last request: 0.000152 seconds.
  path: Assets/Tags/tag36_11_00024.png
  artifactKey: Guid(0c83300427cf82544b6b959285856dfd) Importer(815301076,1909f56bfc062723c751e8b465ee728b)
Start importing Assets/Tags/tag36_11_00024.png using Guid(0c83300427cf82544b6b959285856dfd) Importer(815301076,1909f56bfc062723c751e8b465ee728b)  -> (artifact id: '98628b963a0e7d73b214b8aec37930a5') in 0.010848 seconds 
  Import took 0.013302 seconds .

========================================================================
Received Import Request.
  Time since last request: 0.000148 seconds.
  path: Assets/Tags/tag36_11_00001.png
  artifactKey: Guid(9d1e5fe02b0712249acf1516fbcabbb4) Importer(815301076,1909f56bfc062723c751e8b465ee728b)
Start importing Assets/Tags/tag36_11_00001.png using Guid(9d1e5fe02b0712249acf1516fbcabbb4) Importer(815301076,1909f56bfc062723c751e8b465ee728b)  -> (artifact id: 'b42ad63ee643933c2e83d92c27d9bdc7') in 0.009002 seconds 
  Import took 0.011358 seconds .

========================================================================
Received Import Request.
  Time since last request: 0.000156 seconds.
  path: Assets/Tags/tag36_11_00023.png
  artifactKey: Guid(3a2e53eef28ce2a4b9cd9cb2e2a9e87a) Importer(815301076,1909f56bfc062723c751e8b465ee728b)
Start importing Assets/Tags/tag36_11_00023.png using Guid(3a2e53eef28ce2a4b9cd9cb2e2a9e87a) Importer(815301076,1909f56bfc062723c751e8b465ee728b)  -> (artifact id: '165564ae6a4dd2f0bcac9bd7ff46cda9') in 0.010174 seconds 
  Import took 0.013189 seconds .

========================================================================
Received Import Request.
  Time since last request: 0.000175 seconds.
  path: Assets/Tags/tag36_11_00036.png
  artifactKey: Guid(e5c25cc4dd00d534284a35b6bf6d5200) Importer(815301076,1909f56bfc062723c751e8b465ee728b)
Start importing Assets/Tags/tag36_11_00036.png using Guid(e5c25cc4dd00d534284a35b6bf6d5200) Importer(815301076,1909f56bfc062723c751e8b465ee728b)  -> (artifact id: '68deb9319dbf507bd6738147cdd35e55') in 0.010054 seconds 
  Import took 0.012492 seconds .

========================================================================
Received Import Request.
  Time since last request: 0.000151 seconds.
  path: Assets/Tags/tag36_11_00019.png
  artifactKey: Guid(04f87f003973fab41a1f4568675fc8a4) Importer(815301076,1909f56bfc062723c751e8b465ee728b)
Start importing Assets/Tags/tag36_11_00019.png using Guid(04f87f003973fab41a1f4568675fc8a4) Importer(815301076,1909f56bfc062723c751e8b465ee728b)  -> (artifact id: '0cf95ece85e859f6ca2d5ee065a81670') in 0.010956 seconds 
  Import took 0.013458 seconds .

========================================================================
Received Import Request.
  Time since last request: 0.000252 seconds.
  path: Assets/Tags/tag36_11_00043.png
  artifactKey: Guid(87e7b6e8e734c3c4fa66743b9fd72902) Importer(815301076,1909f56bfc062723c751e8b465ee728b)
Start importing Assets/Tags/tag36_11_00043.png using Guid(87e7b6e8e734c3c4fa66743b9fd72902) Importer(815301076,1909f56bfc062723c751e8b465ee728b)  -> (artifact id: '7059b497069022ef2e39278c8b657a60') in 0.011642 seconds 
  Import took 0.014398 seconds .

========================================================================
Received Import Request.
  Time since last request: 0.000158 seconds.
  path: Assets/Tags/tag36_11_00020.png
  artifactKey: Guid(77ec9a9bbeea7a94d93e722730f6e4e2) Importer(815301076,1909f56bfc062723c751e8b465ee728b)
Start importing Assets/Tags/tag36_11_00020.png using Guid(77ec9a9bbeea7a94d93e722730f6e4e2) Importer(815301076,1909f56bfc062723c751e8b465ee728b)  -> (artifact id: '094a7578dcdeeb1eebbb9b8b3c60ed5e') in 0.011365 seconds 
  Import took 0.014297 seconds .

========================================================================
Received Import Request.
  Time since last request: 0.000182 seconds.
  path: Assets/Tags/tag36_11_00010.png
  artifactKey: Guid(18d6f1384e4e0b741aa7ccfc59391ca5) Importer(815301076,1909f56bfc062723c751e8b465ee728b)
Start importing Assets/Tags/tag36_11_00010.png using Guid(18d6f1384e4e0b741aa7ccfc59391ca5) Importer(815301076,1909f56bfc062723c751e8b465ee728b)  -> (artifact id: '0a790ad8156b1462ea8b98935b8c7122') in 0.011646 seconds 
  Import took 0.025719 seconds .

========================================================================
Received Import Request.
  Time since last request: 0.000162 seconds.
  path: Assets/Tags/tag36_11_00032.png
  artifactKey: Guid(319c1bcbf9d399c48a51613310db901b) Importer(815301076,1909f56bfc062723c751e8b465ee728b)
Start importing Assets/Tags/tag36_11_00032.png using Guid(319c1bcbf9d399c48a51613310db901b) Importer(815301076,1909f56bfc062723c751e8b465ee728b)  -> (artifact id: '55aacae164530cc4c31e6695a2d3d391') in 0.011348 seconds 
  Import took 0.020763 seconds .

========================================================================
Received Import Request.
  Time since last request: 0.000158 seconds.
  path: Assets/Tags/tag36_11_00014.png
  artifactKey: Guid(dbe28b2145bf7a64ea74e8c01ad3974c) Importer(815301076,1909f56bfc062723c751e8b465ee728b)
Start importing Assets/Tags/tag36_11_00014.png using Guid(dbe28b2145bf7a64ea74e8c01ad3974c) Importer(815301076,1909f56bfc062723c751e8b465ee728b)  -> (artifact id: '852c3ea795185e46d1e132162aa7e824') in 0.012016 seconds 
  Import took 0.014349 seconds .

========================================================================
Received Import Request.
  Time since last request: 0.000163 seconds.
  path: Assets/Tags/tag36_11_00022.png
  artifactKey: Guid(b7de4253602181940a021db610c35f36) Importer(815301076,1909f56bfc062723c751e8b465ee728b)
Start importing Assets/Tags/tag36_11_00022.png using Guid(b7de4253602181940a021db610c35f36) Importer(815301076,1909f56bfc062723c751e8b465ee728b)  -> (artifact id: '7bd4951fcc5e75fa8d94bc0f6b424aa9') in 0.011551 seconds 
  Import took 0.014443 seconds .

========================================================================
Received Import Request.
  Time since last request: 0.000166 seconds.
  path: Assets/Tags/tag36_11_00046.png
  artifactKey: Guid(30927b5f915484d47ba7a5897f754a25) Importer(815301076,1909f56bfc062723c751e8b465ee728b)
Start importing Assets/Tags/tag36_11_00046.png using Guid(30927b5f915484d47ba7a5897f754a25) Importer(815301076,1909f56bfc062723c751e8b465ee728b)  -> (artifact id: '824764465343b3029d13403746f728dc') in 0.011272 seconds 
  Import took 0.013780 seconds .

========================================================================
Received Import Request.
  Time since last request: 0.000160 seconds.
  path: Assets/Tags/tag36_11_00048.png
  artifactKey: Guid(984bdbd4e28f2bd479dc689f17693723) Importer(815301076,1909f56bfc062723c751e8b465ee728b)
Start importing Assets/Tags/tag36_11_00048.png using Guid(984bdbd4e28f2bd479dc689f17693723) Importer(815301076,1909f56bfc062723c751e8b465ee728b)  -> (artifact id: '49ab3669522fb63c2a0e41a86a48716c') in 0.012243 seconds 
  Import took 0.014589 seconds .

========================================================================
Received Import Request.
  Time since last request: 0.000176 seconds.
  path: Assets/Tags/tag36_11_00012.png
  artifactKey: Guid(276d1eff2c7319e4697c402531112b52) Importer(815301076,1909f56bfc062723c751e8b465ee728b)
Start importing Assets/Tags/tag36_11_00012.png using Guid(276d1eff2c7319e4697c402531112b52) Importer(815301076,1909f56bfc062723c751e8b465ee728b)  -> (artifact id: '623766105414f67f464200aafaf2177d') in 0.014513 seconds 
  Import took 0.016955 seconds .

========================================================================
Received Import Request.
  Time since last request: 0.000160 seconds.
  path: Assets/Tags/tag36_11_00028.png
  artifactKey: Guid(0251e3d26869c2e47858594bd6e3f94c) Importer(815301076,1909f56bfc062723c751e8b465ee728b)
Start importing Assets/Tags/tag36_11_00028.png using Guid(0251e3d26869c2e47858594bd6e3f94c) Importer(815301076,1909f56bfc062723c751e8b465ee728b)  -> (artifact id: '5a26dd9ae9a9a5f3ffd6a5ad26ce3688') in 0.011534 seconds 
  Import took 0.014026 seconds .

========================================================================
Received Import Request.
  Time since last request: 0.000240 seconds.
  path: Assets/Tags/tag36_11_00006.png
  artifactKey: Guid(4a56b4e4711bca542879d5a19088b9a6) Importer(815301076,1909f56bfc062723c751e8b465ee728b)
Start importing Assets/Tags/tag36_11_00006.png using Guid(4a56b4e4711bca542879d5a19088b9a6) Importer(815301076,1909f56bfc062723c751e8b465ee728b)  -> (artifact id: '1f85b3fd32a4560a294f7464fd56af56') in 0.010851 seconds 
  Import took 0.013997 seconds .

========================================================================
Received Import Request.
  Time since last request: 0.000152 seconds.
  path: Assets/Tags/tag36_11_00050.png
  artifactKey: Guid(5858254e45c1a124e9a4627d157f9628) Importer(815301076,1909f56bfc062723c751e8b465ee728b)
Start importing Assets/Tags/tag36_11_00050.png using Guid(5858254e45c1a124e9a4627d157f9628) Importer(815301076,1909f56bfc062723c751e8b465ee728b)  -> (artifact id: '8fb652e271eba58d32458cc2f4fe1faa') in 0.009902 seconds 
  Import took 0.012547 seconds .

========================================================================
Received Import Request.
  Time since last request: 0.000159 seconds.
  path: Assets/Tags/tag36_11_00003.png
  artifactKey: Guid(65c9456ac6e15d2418eb7b2d7033eb3b) Importer(815301076,1909f56bfc062723c751e8b465ee728b)
Start importing Assets/Tags/tag36_11_00003.png using Guid(65c9456ac6e15d2418eb7b2d7033eb3b) Importer(815301076,1909f56bfc062723c751e8b465ee728b)  -> (artifact id: 'e0245f4bfffb9f8696d6b0ac30601027') in 0.011490 seconds 
  Import took 0.013864 seconds .

========================================================================
Received Import Request.
  Time since last request: 0.000164 seconds.
  path: Assets/Tags/tag36_11_00017.png
  artifactKey: Guid(30ffa7bf57b36c34e8d0c21cbde6e8de) Importer(815301076,1909f56bfc062723c751e8b465ee728b)
Start importing Assets/Tags/tag36_11_00017.png using Guid(30ffa7bf57b36c34e8d0c21cbde6e8de) Importer(815301076,1909f56bfc062723c751e8b465ee728b)  -> (artifact id: 'e11d638f3ddaea1568f6c0e7e6e5e9f3') in 0.010287 seconds 
  Import took 0.012537 seconds .

========================================================================
Received Import Request.
  Time since last request: 0.000159 seconds.
  path: Assets/Tags/tag36_11_00041.png
  artifactKey: Guid(169e195571ca3e7418752e18c60f0e67) Importer(815301076,1909f56bfc062723c751e8b465ee728b)
Start importing Assets/Tags/tag36_11_00041.png using Guid(169e195571ca3e7418752e18c60f0e67) Importer(815301076,1909f56bfc062723c751e8b465ee728b)  -> (artifact id: '5913f9080f59d0a5f1f4f5c4ddb497ff') in 0.010595 seconds 
  Import took 0.013520 seconds .

========================================================================
Received Import Request.
  Time since last request: 0.000161 seconds.
  path: Assets/Tags/tag36_11_00029.png
  artifactKey: Guid(abf57092f69cdce43873acbe8c1114e1) Importer(815301076,1909f56bfc062723c751e8b465ee728b)
Start importing Assets/Tags/tag36_11_00029.png using Guid(abf57092f69cdce43873acbe8c1114e1) Importer(815301076,1909f56bfc062723c751e8b465ee728b)  -> (artifact id: 'aab5089b7f4447b4fb4d37cb23370bc9') in 0.010304 seconds 
  Import took 0.012710 seconds .

========================================================================
Received Import Request.
  Time since last request: 0.000151 seconds.
  path: Assets/Tags/tag36_11_00027.png
  artifactKey: Guid(33bb01fe41d485849a2be02a8bf36870) Importer(815301076,1909f56bfc062723c751e8b465ee728b)
Start importing Assets/Tags/tag36_11_00027.png using Guid(33bb01fe41d485849a2be02a8bf36870) Importer(815301076,1909f56bfc062723c751e8b465ee728b)  -> (artifact id: '8c3103c468b13d3cf1c75456c8a853db') in 0.009996 seconds 
  Import took 0.012256 seconds .

========================================================================
Received Import Request.
  Time since last request: 0.000181 seconds.
  path: Assets/Tags/tag36_11_00005.png
  artifactKey: Guid(c97b72b5515890641b1f1cbd25b98281) Importer(815301076,1909f56bfc062723c751e8b465ee728b)
Start importing Assets/Tags/tag36_11_00005.png using Guid(c97b72b5515890641b1f1cbd25b98281) Importer(815301076,1909f56bfc062723c751e8b465ee728b)  -> (artifact id: '45697ea10408511f343096d2bbe090de') in 0.009516 seconds 
  Import took 0.012056 seconds .

========================================================================
Received Prepare
Registering precompiled user dll's ...
Registered in 0.003333 seconds.
Begin MonoManager ReloadAssembly
Native extension for WindowsStandalone target not found
Native extension for WebGL target not found
Refreshing native plugins compatible for Editor in 0.37 ms, found 2 plugins.
Preloading 0 native plugins for Editor in 0.00 ms.
Mono: successfully reloaded assembly
- Completed reload, in  0.950 seconds
Domain Reload Profiling:
	ReloadAssembly (950ms)
		BeginReloadAssembly (106ms)
			ExecutionOrderSort (0ms)
			DisableScriptedObjects (4ms)
			BackupInstance (0ms)
			ReleaseScriptingObjects (0ms)
			CreateAndSetChildDomain (35ms)
		EndReloadAssembly (777ms)
			LoadAssemblies (91ms)
			RebuildTransferFunctionScriptingTraits (0ms)
			SetupTypeCache (291ms)
			ReleaseScriptCaches (1ms)
			RebuildScriptCaches (36ms)
			SetupLoadedEditorAssemblies (269ms)
				LogAssemblyErrors (0ms)
				InitializePlatformSupportModulesInManaged (5ms)
				SetLoadedEditorAssemblies (0ms)
				RefreshPlugins (0ms)
				BeforeProcessingInitializeOnLoad (70ms)
				ProcessInitializeOnLoadAttributes (179ms)
				ProcessInitializeOnLoadMethodAttributes (8ms)
				AfterProcessingInitializeOnLoad (6ms)
				EditorAssembliesLoaded (0ms)
			ExecutionOrderSort2 (0ms)
			AwakeInstancesAfterBackupRestoration (6ms)
Platform modules already initialized, skipping
Refreshing native plugins compatible for Editor in 0.33 ms, found 2 plugins.
Preloading 0 native plugins for Editor in 0.00 ms.
Unloading 1497 Unused Serialized files (Serialized files now loaded: 0)
System memory in use before: 71.8 MB.
System memory in use after: 71.9 MB.

Unloading 14 unused Assets to reduce memory usage. Loaded Objects now: 1980.
Total: 2.829500 ms (FindLiveObjects: 0.146100 ms CreateObjectMapping: 0.097400 ms MarkObjects: 2.554900 ms  DeleteObjects: 0.030200 ms)

AssetImportParameters requested are different than current active one (requested -> active):
  custom:framework-win-MediaFoundation: 216162199b28c13a410421893ffa2e32 -> 
  custom:video-decoder-ogg-theora: a1e56fd34408186e4bbccfd4996cb3dc -> 
  custom:container-muxer-webm: aa71ff27fc2769a1b78a27578f13a17b -> 
  custom:container-demuxer-webm: 4f35f7cbe854078d1ac9338744f61a02 -> 
  custom:container-demuxer-ogg: 62fdf1f143b41e24485cea50d1cbac27 -> 
  custom:video-encoder-webm-vp8: eb34c28f22e8b96e1ab97ce403110664 -> 
  custom:video-decoder-webm-vp8: 9c59270c3fd7afecdb556c50c9e8de78 -> 
  custom:audio-decoder-ogg-vorbis: bf7c407c2cedff20999df2af8eb42d56 -> 
  custom:audio-encoder-webm-vorbis: bf7c407c2cedff20999df2af8eb42d56 -> 
========================================================================
Received Prepare
Registering precompiled user dll's ...
Registered in 0.004404 seconds.
Begin MonoManager ReloadAssembly
Native extension for WindowsStandalone target not found
Native extension for WebGL target not found
Refreshing native plugins compatible for Editor in 0.35 ms, found 2 plugins.
Preloading 0 native plugins for Editor in 0.00 ms.
Mono: successfully reloaded assembly
- Completed reload, in  1.134 seconds
Domain Reload Profiling:
	ReloadAssembly (1134ms)
		BeginReloadAssembly (132ms)
			ExecutionOrderSort (0ms)
			DisableScriptedObjects (5ms)
			BackupInstance (0ms)
			ReleaseScriptingObjects (0ms)
			CreateAndSetChildDomain (43ms)
		EndReloadAssembly (933ms)
			LoadAssemblies (103ms)
			RebuildTransferFunctionScriptingTraits (0ms)
			SetupTypeCache (353ms)
			ReleaseScriptCaches (1ms)
			RebuildScriptCaches (56ms)
			SetupLoadedEditorAssemblies (307ms)
				LogAssemblyErrors (0ms)
				InitializePlatformSupportModulesInManaged (5ms)
				SetLoadedEditorAssemblies (0ms)
				RefreshPlugins (0ms)
				BeforeProcessingInitializeOnLoad (81ms)
				ProcessInitializeOnLoadAttributes (202ms)
				ProcessInitializeOnLoadMethodAttributes (9ms)
				AfterProcessingInitializeOnLoad (9ms)
				EditorAssembliesLoaded (0ms)
			ExecutionOrderSort2 (0ms)
			AwakeInstancesAfterBackupRestoration (9ms)
Platform modules already initialized, skipping
Refreshing native plugins compatible for Editor in 0.52 ms, found 2 plugins.
Preloading 0 native plugins for Editor in 0.00 ms.
Unloading 1497 Unused Serialized files (Serialized files now loaded: 0)
System memory in use before: 71.8 MB.
System memory in use after: 71.9 MB.

Unloading 14 unused Assets to reduce memory usage. Loaded Objects now: 1982.
Total: 3.162900 ms (FindLiveObjects: 0.272900 ms CreateObjectMapping: 0.145100 ms MarkObjects: 2.724000 ms  DeleteObjects: 0.019100 ms)

AssetImportParameters requested are different than current active one (requested -> active):
  custom:framework-win-MediaFoundation: 216162199b28c13a410421893ffa2e32 -> 
  custom:video-decoder-ogg-theora: a1e56fd34408186e4bbccfd4996cb3dc -> 
  custom:container-muxer-webm: aa71ff27fc2769a1b78a27578f13a17b -> 
  custom:container-demuxer-webm: 4f35f7cbe854078d1ac9338744f61a02 -> 
  custom:container-demuxer-ogg: 62fdf1f143b41e24485cea50d1cbac27 -> 
  custom:video-encoder-webm-vp8: eb34c28f22e8b96e1ab97ce403110664 -> 
  custom:video-decoder-webm-vp8: 9c59270c3fd7afecdb556c50c9e8de78 -> 
  custom:audio-decoder-ogg-vorbis: bf7c407c2cedff20999df2af8eb42d56 -> 
  custom:audio-encoder-webm-vorbis: bf7c407c2cedff20999df2af8eb42d56 -> 
========================================================================
Received Prepare
Registering precompiled user dll's ...
Registered in 0.008893 seconds.
Begin MonoManager ReloadAssembly
Native extension for WindowsStandalone target not found
Native extension for WebGL target not found
Refreshing native plugins compatible for Editor in 0.42 ms, found 2 plugins.
Preloading 0 native plugins for Editor in 0.00 ms.
Mono: successfully reloaded assembly
- Completed reload, in  1.261 seconds
Domain Reload Profiling:
	ReloadAssembly (1262ms)
		BeginReloadAssembly (138ms)
			ExecutionOrderSort (0ms)
			DisableScriptedObjects (7ms)
			BackupInstance (0ms)
			ReleaseScriptingObjects (0ms)
			CreateAndSetChildDomain (42ms)
		EndReloadAssembly (1040ms)
			LoadAssemblies (113ms)
			RebuildTransferFunctionScriptingTraits (0ms)
			SetupTypeCache (388ms)
			ReleaseScriptCaches (1ms)
			RebuildScriptCaches (52ms)
			SetupLoadedEditorAssemblies (366ms)
				LogAssemblyErrors (0ms)
				InitializePlatformSupportModulesInManaged (6ms)
				SetLoadedEditorAssemblies (1ms)
				RefreshPlugins (0ms)
				BeforeProcessingInitializeOnLoad (92ms)
				ProcessInitializeOnLoadAttributes (246ms)
				ProcessInitializeOnLoadMethodAttributes (11ms)
				AfterProcessingInitializeOnLoad (8ms)
				EditorAssembliesLoaded (2ms)
			ExecutionOrderSort2 (0ms)
			AwakeInstancesAfterBackupRestoration (8ms)
Platform modules already initialized, skipping
Refreshing native plugins compatible for Editor in 0.51 ms, found 2 plugins.
Preloading 0 native plugins for Editor in 0.00 ms.
Unloading 1497 Unused Serialized files (Serialized files now loaded: 0)
System memory in use before: 71.8 MB.
System memory in use after: 71.9 MB.

Unloading 14 unused Assets to reduce memory usage. Loaded Objects now: 1984.
Total: 3.079600 ms (FindLiveObjects: 0.132600 ms CreateObjectMapping: 0.052400 ms MarkObjects: 2.866200 ms  DeleteObjects: 0.027200 ms)

AssetImportParameters requested are different than current active one (requested -> active):
  custom:framework-win-MediaFoundation: 216162199b28c13a410421893ffa2e32 -> 
  custom:video-decoder-ogg-theora: a1e56fd34408186e4bbccfd4996cb3dc -> 
  custom:container-muxer-webm: aa71ff27fc2769a1b78a27578f13a17b -> 
  custom:container-demuxer-webm: 4f35f7cbe854078d1ac9338744f61a02 -> 
  custom:container-demuxer-ogg: 62fdf1f143b41e24485cea50d1cbac27 -> 
  custom:video-encoder-webm-vp8: eb34c28f22e8b96e1ab97ce403110664 -> 
  custom:video-decoder-webm-vp8: 9c59270c3fd7afecdb556c50c9e8de78 -> 
  custom:audio-decoder-ogg-vorbis: bf7c407c2cedff20999df2af8eb42d56 -> 
  custom:audio-encoder-webm-vorbis: bf7c407c2cedff20999df2af8eb42d56 -> 
AssetImportWorkerClient::OnTransportError - code=2 error=End of file
